[debug] [2025-10-20T02:46:22.135Z] Checked if tokens are valid: true, expires at: 1760930630581
[debug] [2025-10-20T02:46:22.139Z] Checked if tokens are valid: true, expires at: 1760930630581
[debug] [2025-10-20T02:46:22.139Z] Checked if tokens are valid: true, expires at: 1760930630581
[debug] [2025-10-20T02:46:22.139Z] Checked if tokens are valid: true, expires at: 1760930630581
[debug] [2025-10-20T02:46:22.140Z] Checked if tokens are valid: true, expires at: 1760930630581
[debug] [2025-10-20T02:46:22.140Z] Checked if tokens are valid: true, expires at: 1760930630581
[debug] [2025-10-20T02:46:22.141Z] Checked if tokens are valid: true, expires at: 1760930630581
[debug] [2025-10-20T02:46:22.141Z] Checked if tokens are valid: true, expires at: 1760930630581
[debug] [2025-10-20T02:46:22.141Z] Checked if tokens are valid: true, expires at: 1760930630581
[debug] [2025-10-20T02:46:22.142Z] Checked if tokens are valid: true, expires at: 1760930630581
[debug] [2025-10-20T02:46:22.142Z] Checked if tokens are valid: true, expires at: 1760930630581
[debug] [2025-10-20T02:46:22.142Z] Checked if tokens are valid: true, expires at: 1760930630581
[debug] [2025-10-20T02:46:22.142Z] Checked if tokens are valid: true, expires at: 1760930630581
[debug] [2025-10-20T02:46:22.142Z] Checked if tokens are valid: true, expires at: 1760930630581
[debug] [2025-10-20T02:46:22.143Z] Checked if tokens are valid: true, expires at: 1760930630581
[debug] [2025-10-20T02:46:22.143Z] Checked if tokens are valid: true, expires at: 1760930630581
[debug] [2025-10-20T02:46:22.143Z] Checked if tokens are valid: true, expires at: 1760930630581
[debug] [2025-10-20T02:46:22.143Z] Checked if tokens are valid: true, expires at: 1760930630581
[debug] [2025-10-20T02:46:22.143Z] Checked if tokens are valid: true, expires at: 1760930630581
[debug] [2025-10-20T02:46:22.144Z] Checked if tokens are valid: true, expires at: 1760930630581
[debug] [2025-10-20T02:46:22.144Z] Checked if tokens are valid: true, expires at: 1760930630581
[debug] [2025-10-20T02:46:22.144Z] Checked if tokens are valid: true, expires at: 1760930630581
[debug] [2025-10-20T02:46:22.145Z] >>> [apiv2][query] GET https://serviceusage.googleapis.com/v1/projects/travel-guide-app-8ea32/services/ [none]
[debug] [2025-10-20T02:46:22.145Z] >>> [apiv2][(partial)header] GET https://serviceusage.googleapis.com/v1/projects/travel-guide-app-8ea32/services/ x-goog-quota-user=projects/travel-guide-app-8ea32
[debug] [2025-10-20T02:46:22.173Z] >>> [apiv2][query] GET https://serviceusage.googleapis.com/v1/projects/travel-guide-app-8ea32/services/firestore.googleapis.com [none]
[debug] [2025-10-20T02:46:22.173Z] >>> [apiv2][(partial)header] GET https://serviceusage.googleapis.com/v1/projects/travel-guide-app-8ea32/services/firestore.googleapis.com x-goog-quota-user=projects/travel-guide-app-8ea32
[debug] [2025-10-20T02:46:22.174Z] >>> [apiv2][query] GET https://serviceusage.googleapis.com/v1/projects/travel-guide-app-8ea32/services/storage.googleapis.com [none]
[debug] [2025-10-20T02:46:22.175Z] >>> [apiv2][(partial)header] GET https://serviceusage.googleapis.com/v1/projects/travel-guide-app-8ea32/services/storage.googleapis.com x-goog-quota-user=projects/travel-guide-app-8ea32
[debug] [2025-10-20T02:46:22.176Z] >>> [apiv2][query] GET https://serviceusage.googleapis.com/v1/projects/travel-guide-app-8ea32/services/firebasedataconnect.googleapis.com [none]
[debug] [2025-10-20T02:46:22.176Z] >>> [apiv2][(partial)header] GET https://serviceusage.googleapis.com/v1/projects/travel-guide-app-8ea32/services/firebasedataconnect.googleapis.com x-goog-quota-user=projects/travel-guide-app-8ea32
[debug] [2025-10-20T02:46:22.177Z] >>> [apiv2][query] GET https://serviceusage.googleapis.com/v1/projects/travel-guide-app-8ea32/services/identitytoolkit.googleapis.com [none]
[debug] [2025-10-20T02:46:22.177Z] >>> [apiv2][(partial)header] GET https://serviceusage.googleapis.com/v1/projects/travel-guide-app-8ea32/services/identitytoolkit.googleapis.com x-goog-quota-user=projects/travel-guide-app-8ea32
[debug] [2025-10-20T02:46:22.178Z] >>> [apiv2][query] GET https://serviceusage.googleapis.com/v1/projects/travel-guide-app-8ea32/services/fcm.googleapis.com [none]
[debug] [2025-10-20T02:46:22.178Z] >>> [apiv2][(partial)header] GET https://serviceusage.googleapis.com/v1/projects/travel-guide-app-8ea32/services/fcm.googleapis.com x-goog-quota-user=projects/travel-guide-app-8ea32
[debug] [2025-10-20T02:46:22.180Z] >>> [apiv2][query] GET https://serviceusage.googleapis.com/v1/projects/travel-guide-app-8ea32/services/cloudfunctions.googleapis.com [none]
[debug] [2025-10-20T02:46:22.180Z] >>> [apiv2][(partial)header] GET https://serviceusage.googleapis.com/v1/projects/travel-guide-app-8ea32/services/cloudfunctions.googleapis.com x-goog-quota-user=projects/travel-guide-app-8ea32
[debug] [2025-10-20T02:46:22.181Z] >>> [apiv2][query] GET https://serviceusage.googleapis.com/v1/projects/travel-guide-app-8ea32/services/firebaseremoteconfig.googleapis.com [none]
[debug] [2025-10-20T02:46:22.181Z] >>> [apiv2][(partial)header] GET https://serviceusage.googleapis.com/v1/projects/travel-guide-app-8ea32/services/firebaseremoteconfig.googleapis.com x-goog-quota-user=projects/travel-guide-app-8ea32
[debug] [2025-10-20T02:46:22.182Z] >>> [apiv2][query] GET https://serviceusage.googleapis.com/v1/projects/travel-guide-app-8ea32/services/firebasecrashlytics.googleapis.com [none]
[debug] [2025-10-20T02:46:22.182Z] >>> [apiv2][(partial)header] GET https://serviceusage.googleapis.com/v1/projects/travel-guide-app-8ea32/services/firebasecrashlytics.googleapis.com x-goog-quota-user=projects/travel-guide-app-8ea32
[debug] [2025-10-20T02:46:22.184Z] >>> [apiv2][query] GET https://serviceusage.googleapis.com/v1/projects/travel-guide-app-8ea32/services/firebaseapphosting.googleapis.com [none]
[debug] [2025-10-20T02:46:22.184Z] >>> [apiv2][(partial)header] GET https://serviceusage.googleapis.com/v1/projects/travel-guide-app-8ea32/services/firebaseapphosting.googleapis.com x-goog-quota-user=projects/travel-guide-app-8ea32
[debug] [2025-10-20T02:46:22.185Z] >>> [apiv2][query] GET https://serviceusage.googleapis.com/v1/projects/travel-guide-app-8ea32/services/firebaseio.com [none]
[debug] [2025-10-20T02:46:22.185Z] >>> [apiv2][(partial)header] GET https://serviceusage.googleapis.com/v1/projects/travel-guide-app-8ea32/services/firebaseio.com x-goog-quota-user=projects/travel-guide-app-8ea32
[debug] [2025-10-20T02:46:22.537Z] Checked if tokens are valid: true, expires at: 1760930630581
[debug] [2025-10-20T02:46:22.537Z] Checked if tokens are valid: true, expires at: 1760930630581
[debug] [2025-10-20T02:46:22.538Z] Checked if tokens are valid: true, expires at: 1760930630581
[debug] [2025-10-20T02:46:22.538Z] Checked if tokens are valid: true, expires at: 1760930630581
[debug] [2025-10-20T02:46:22.538Z] Checked if tokens are valid: true, expires at: 1760930630581
[debug] [2025-10-20T02:46:22.538Z] Checked if tokens are valid: true, expires at: 1760930630581
[debug] [2025-10-20T02:46:22.538Z] Checked if tokens are valid: true, expires at: 1760930630581
[debug] [2025-10-20T02:46:22.538Z] Checked if tokens are valid: true, expires at: 1760930630581
[debug] [2025-10-20T02:46:22.539Z] Checked if tokens are valid: true, expires at: 1760930630581
[debug] [2025-10-20T02:46:22.539Z] Checked if tokens are valid: true, expires at: 1760930630581
[debug] [2025-10-20T02:46:22.540Z] Checked if tokens are valid: true, expires at: 1760930630581
[debug] [2025-10-20T02:46:22.540Z] Checked if tokens are valid: true, expires at: 1760930630581
[debug] [2025-10-20T02:46:22.540Z] Checked if tokens are valid: true, expires at: 1760930630581
[debug] [2025-10-20T02:46:22.541Z] Checked if tokens are valid: true, expires at: 1760930630581
[debug] [2025-10-20T02:46:22.541Z] Checked if tokens are valid: true, expires at: 1760930630581
[debug] [2025-10-20T02:46:22.541Z] Checked if tokens are valid: true, expires at: 1760930630581
[debug] [2025-10-20T02:46:22.541Z] Checked if tokens are valid: true, expires at: 1760930630581
[debug] [2025-10-20T02:46:22.541Z] Checked if tokens are valid: true, expires at: 1760930630581
[debug] [2025-10-20T02:46:22.541Z] Checked if tokens are valid: true, expires at: 1760930630581
[debug] [2025-10-20T02:46:22.541Z] Checked if tokens are valid: true, expires at: 1760930630581
[debug] [2025-10-20T02:46:22.541Z] Checked if tokens are valid: true, expires at: 1760930630581
[debug] [2025-10-20T02:46:22.541Z] Checked if tokens are valid: true, expires at: 1760930630581
[debug] [2025-10-20T02:46:22.542Z] >>> [apiv2][query] GET https://serviceusage.googleapis.com/v1/projects/travel-guide-app-8ea32/services/ [none]
[debug] [2025-10-20T02:46:22.542Z] >>> [apiv2][(partial)header] GET https://serviceusage.googleapis.com/v1/projects/travel-guide-app-8ea32/services/ x-goog-quota-user=projects/travel-guide-app-8ea32
[debug] [2025-10-20T02:46:22.543Z] >>> [apiv2][query] GET https://serviceusage.googleapis.com/v1/projects/travel-guide-app-8ea32/services/firestore.googleapis.com [none]
[debug] [2025-10-20T02:46:22.543Z] >>> [apiv2][(partial)header] GET https://serviceusage.googleapis.com/v1/projects/travel-guide-app-8ea32/services/firestore.googleapis.com x-goog-quota-user=projects/travel-guide-app-8ea32
[debug] [2025-10-20T02:46:22.544Z] >>> [apiv2][query] GET https://serviceusage.googleapis.com/v1/projects/travel-guide-app-8ea32/services/storage.googleapis.com [none]
[debug] [2025-10-20T02:46:22.545Z] >>> [apiv2][(partial)header] GET https://serviceusage.googleapis.com/v1/projects/travel-guide-app-8ea32/services/storage.googleapis.com x-goog-quota-user=projects/travel-guide-app-8ea32
[debug] [2025-10-20T02:46:22.546Z] >>> [apiv2][query] GET https://serviceusage.googleapis.com/v1/projects/travel-guide-app-8ea32/services/firebasedataconnect.googleapis.com [none]
[debug] [2025-10-20T02:46:22.546Z] >>> [apiv2][(partial)header] GET https://serviceusage.googleapis.com/v1/projects/travel-guide-app-8ea32/services/firebasedataconnect.googleapis.com x-goog-quota-user=projects/travel-guide-app-8ea32
[debug] [2025-10-20T02:46:22.547Z] >>> [apiv2][query] GET https://serviceusage.googleapis.com/v1/projects/travel-guide-app-8ea32/services/identitytoolkit.googleapis.com [none]
[debug] [2025-10-20T02:46:22.547Z] >>> [apiv2][(partial)header] GET https://serviceusage.googleapis.com/v1/projects/travel-guide-app-8ea32/services/identitytoolkit.googleapis.com x-goog-quota-user=projects/travel-guide-app-8ea32
[debug] [2025-10-20T02:46:22.549Z] >>> [apiv2][query] GET https://serviceusage.googleapis.com/v1/projects/travel-guide-app-8ea32/services/fcm.googleapis.com [none]
[debug] [2025-10-20T02:46:22.549Z] >>> [apiv2][(partial)header] GET https://serviceusage.googleapis.com/v1/projects/travel-guide-app-8ea32/services/fcm.googleapis.com x-goog-quota-user=projects/travel-guide-app-8ea32
[debug] [2025-10-20T02:46:22.550Z] >>> [apiv2][query] GET https://serviceusage.googleapis.com/v1/projects/travel-guide-app-8ea32/services/cloudfunctions.googleapis.com [none]
[debug] [2025-10-20T02:46:22.550Z] >>> [apiv2][(partial)header] GET https://serviceusage.googleapis.com/v1/projects/travel-guide-app-8ea32/services/cloudfunctions.googleapis.com x-goog-quota-user=projects/travel-guide-app-8ea32
[debug] [2025-10-20T02:46:22.551Z] >>> [apiv2][query] GET https://serviceusage.googleapis.com/v1/projects/travel-guide-app-8ea32/services/firebaseremoteconfig.googleapis.com [none]
[debug] [2025-10-20T02:46:22.551Z] >>> [apiv2][(partial)header] GET https://serviceusage.googleapis.com/v1/projects/travel-guide-app-8ea32/services/firebaseremoteconfig.googleapis.com x-goog-quota-user=projects/travel-guide-app-8ea32
[debug] [2025-10-20T02:46:22.552Z] >>> [apiv2][query] GET https://serviceusage.googleapis.com/v1/projects/travel-guide-app-8ea32/services/firebasecrashlytics.googleapis.com [none]
[debug] [2025-10-20T02:46:22.552Z] >>> [apiv2][(partial)header] GET https://serviceusage.googleapis.com/v1/projects/travel-guide-app-8ea32/services/firebasecrashlytics.googleapis.com x-goog-quota-user=projects/travel-guide-app-8ea32
[debug] [2025-10-20T02:46:22.553Z] >>> [apiv2][query] GET https://serviceusage.googleapis.com/v1/projects/travel-guide-app-8ea32/services/firebaseapphosting.googleapis.com [none]
[debug] [2025-10-20T02:46:22.553Z] >>> [apiv2][(partial)header] GET https://serviceusage.googleapis.com/v1/projects/travel-guide-app-8ea32/services/firebaseapphosting.googleapis.com x-goog-quota-user=projects/travel-guide-app-8ea32
[debug] [2025-10-20T02:46:22.553Z] >>> [apiv2][query] GET https://serviceusage.googleapis.com/v1/projects/travel-guide-app-8ea32/services/firebaseio.com [none]
[debug] [2025-10-20T02:46:22.554Z] >>> [apiv2][(partial)header] GET https://serviceusage.googleapis.com/v1/projects/travel-guide-app-8ea32/services/firebaseio.com x-goog-quota-user=projects/travel-guide-app-8ea32
[debug] [2025-10-20T02:46:23.495Z] <<< [apiv2][status] GET https://serviceusage.googleapis.com/v1/projects/travel-guide-app-8ea32/services/firebaseio.com 403
[debug] [2025-10-20T02:46:23.495Z] <<< [apiv2][body] GET https://serviceusage.googleapis.com/v1/projects/travel-guide-app-8ea32/services/firebaseio.com [omitted]
[debug] [2025-10-20T02:46:23.564Z] <<< [apiv2][status] GET https://serviceusage.googleapis.com/v1/projects/travel-guide-app-8ea32/services/firebaseremoteconfig.googleapis.com 200
[debug] [2025-10-20T02:46:23.564Z] <<< [apiv2][body] GET https://serviceusage.googleapis.com/v1/projects/travel-guide-app-8ea32/services/firebaseremoteconfig.googleapis.com [omitted]
[debug] [2025-10-20T02:46:23.577Z] <<< [apiv2][status] GET https://serviceusage.googleapis.com/v1/projects/travel-guide-app-8ea32/services/storage.googleapis.com 200
[debug] [2025-10-20T02:46:23.577Z] <<< [apiv2][body] GET https://serviceusage.googleapis.com/v1/projects/travel-guide-app-8ea32/services/storage.googleapis.com [omitted]
[debug] [2025-10-20T02:46:23.590Z] <<< [apiv2][status] GET https://serviceusage.googleapis.com/v1/projects/travel-guide-app-8ea32/services/fcm.googleapis.com 200
[debug] [2025-10-20T02:46:23.590Z] <<< [apiv2][body] GET https://serviceusage.googleapis.com/v1/projects/travel-guide-app-8ea32/services/fcm.googleapis.com [omitted]
[debug] [2025-10-20T02:46:23.602Z] <<< [apiv2][status] GET https://serviceusage.googleapis.com/v1/projects/travel-guide-app-8ea32/services/firebasecrashlytics.googleapis.com 200
[debug] [2025-10-20T02:46:23.602Z] <<< [apiv2][body] GET https://serviceusage.googleapis.com/v1/projects/travel-guide-app-8ea32/services/firebasecrashlytics.googleapis.com [omitted]
[debug] [2025-10-20T02:46:23.602Z] <<< [apiv2][status] GET https://serviceusage.googleapis.com/v1/projects/travel-guide-app-8ea32/services/firebaseapphosting.googleapis.com 200
[debug] [2025-10-20T02:46:23.602Z] <<< [apiv2][body] GET https://serviceusage.googleapis.com/v1/projects/travel-guide-app-8ea32/services/firebaseapphosting.googleapis.com [omitted]
[debug] [2025-10-20T02:46:23.603Z] <<< [apiv2][status] GET https://serviceusage.googleapis.com/v1/projects/travel-guide-app-8ea32/services/identitytoolkit.googleapis.com 200
[debug] [2025-10-20T02:46:23.603Z] <<< [apiv2][body] GET https://serviceusage.googleapis.com/v1/projects/travel-guide-app-8ea32/services/identitytoolkit.googleapis.com [omitted]
[debug] [2025-10-20T02:46:23.611Z] <<< [apiv2][status] GET https://serviceusage.googleapis.com/v1/projects/travel-guide-app-8ea32/services/cloudfunctions.googleapis.com 200
[debug] [2025-10-20T02:46:23.612Z] <<< [apiv2][body] GET https://serviceusage.googleapis.com/v1/projects/travel-guide-app-8ea32/services/cloudfunctions.googleapis.com [omitted]
[debug] [2025-10-20T02:46:23.617Z] <<< [apiv2][status] GET https://serviceusage.googleapis.com/v1/projects/travel-guide-app-8ea32/services/firebasedataconnect.googleapis.com 200
[debug] [2025-10-20T02:46:23.617Z] <<< [apiv2][body] GET https://serviceusage.googleapis.com/v1/projects/travel-guide-app-8ea32/services/firebasedataconnect.googleapis.com [omitted]
[debug] [2025-10-20T02:46:23.624Z] <<< [apiv2][status] GET https://serviceusage.googleapis.com/v1/projects/travel-guide-app-8ea32/services/firestore.googleapis.com 200
[debug] [2025-10-20T02:46:23.624Z] <<< [apiv2][body] GET https://serviceusage.googleapis.com/v1/projects/travel-guide-app-8ea32/services/firestore.googleapis.com [omitted]
[debug] [2025-10-20T02:46:23.953Z] <<< [apiv2][status] GET https://serviceusage.googleapis.com/v1/projects/travel-guide-app-8ea32/services/ 200
[debug] [2025-10-20T02:46:23.953Z] <<< [apiv2][body] GET https://serviceusage.googleapis.com/v1/projects/travel-guide-app-8ea32/services/ [omitted]
[debug] [2025-10-20T02:46:24.247Z] <<< [apiv2][status] GET https://serviceusage.googleapis.com/v1/projects/travel-guide-app-8ea32/services/firebaseio.com 403
[debug] [2025-10-20T02:46:24.247Z] <<< [apiv2][body] GET https://serviceusage.googleapis.com/v1/projects/travel-guide-app-8ea32/services/firebaseio.com [omitted]
[debug] [2025-10-20T02:46:24.410Z] <<< [apiv2][status] GET https://serviceusage.googleapis.com/v1/projects/travel-guide-app-8ea32/services/firebaseremoteconfig.googleapis.com 200
[debug] [2025-10-20T02:46:24.410Z] <<< [apiv2][body] GET https://serviceusage.googleapis.com/v1/projects/travel-guide-app-8ea32/services/firebaseremoteconfig.googleapis.com [omitted]
[debug] [2025-10-20T02:46:24.432Z] <<< [apiv2][status] GET https://serviceusage.googleapis.com/v1/projects/travel-guide-app-8ea32/services/firebasecrashlytics.googleapis.com 200
[debug] [2025-10-20T02:46:24.432Z] <<< [apiv2][body] GET https://serviceusage.googleapis.com/v1/projects/travel-guide-app-8ea32/services/firebasecrashlytics.googleapis.com [omitted]
[debug] [2025-10-20T02:46:24.433Z] <<< [apiv2][status] GET https://serviceusage.googleapis.com/v1/projects/travel-guide-app-8ea32/services/firebasedataconnect.googleapis.com 200
[debug] [2025-10-20T02:46:24.433Z] <<< [apiv2][body] GET https://serviceusage.googleapis.com/v1/projects/travel-guide-app-8ea32/services/firebasedataconnect.googleapis.com [omitted]
[debug] [2025-10-20T02:46:24.434Z] <<< [apiv2][status] GET https://serviceusage.googleapis.com/v1/projects/travel-guide-app-8ea32/services/fcm.googleapis.com 200
[debug] [2025-10-20T02:46:24.434Z] <<< [apiv2][body] GET https://serviceusage.googleapis.com/v1/projects/travel-guide-app-8ea32/services/fcm.googleapis.com [omitted]
[debug] [2025-10-20T02:46:24.443Z] <<< [apiv2][status] GET https://serviceusage.googleapis.com/v1/projects/travel-guide-app-8ea32/services/identitytoolkit.googleapis.com 200
[debug] [2025-10-20T02:46:24.443Z] <<< [apiv2][body] GET https://serviceusage.googleapis.com/v1/projects/travel-guide-app-8ea32/services/identitytoolkit.googleapis.com [omitted]
[debug] [2025-10-20T02:46:24.452Z] <<< [apiv2][status] GET https://serviceusage.googleapis.com/v1/projects/travel-guide-app-8ea32/services/firebaseapphosting.googleapis.com 200
[debug] [2025-10-20T02:46:24.452Z] <<< [apiv2][body] GET https://serviceusage.googleapis.com/v1/projects/travel-guide-app-8ea32/services/firebaseapphosting.googleapis.com [omitted]
[debug] [2025-10-20T02:46:24.454Z] <<< [apiv2][status] GET https://serviceusage.googleapis.com/v1/projects/travel-guide-app-8ea32/services/storage.googleapis.com 200
[debug] [2025-10-20T02:46:24.454Z] <<< [apiv2][body] GET https://serviceusage.googleapis.com/v1/projects/travel-guide-app-8ea32/services/storage.googleapis.com [omitted]
[debug] [2025-10-20T02:46:24.463Z] <<< [apiv2][status] GET https://serviceusage.googleapis.com/v1/projects/travel-guide-app-8ea32/services/cloudfunctions.googleapis.com 200
[debug] [2025-10-20T02:46:24.463Z] <<< [apiv2][body] GET https://serviceusage.googleapis.com/v1/projects/travel-guide-app-8ea32/services/cloudfunctions.googleapis.com [omitted]
[debug] [2025-10-20T02:46:24.504Z] <<< [apiv2][status] GET https://serviceusage.googleapis.com/v1/projects/travel-guide-app-8ea32/services/firestore.googleapis.com 200
[debug] [2025-10-20T02:46:24.504Z] <<< [apiv2][body] GET https://serviceusage.googleapis.com/v1/projects/travel-guide-app-8ea32/services/firestore.googleapis.com [omitted]
[debug] [2025-10-20T02:46:25.150Z] <<< [apiv2][status] GET https://serviceusage.googleapis.com/v1/projects/travel-guide-app-8ea32/services/ 200
[debug] [2025-10-20T02:46:25.151Z] <<< [apiv2][body] GET https://serviceusage.googleapis.com/v1/projects/travel-guide-app-8ea32/services/ [omitted]
[debug] [2025-10-20T02:46:25.155Z] > command requires scopes: ["email","openid","https://www.googleapis.com/auth/cloudplatformprojects.readonly","https://www.googleapis.com/auth/firebase","https://www.googleapis.com/auth/cloud-platform"]
[debug] [2025-10-20T02:46:25.155Z] > authorizing via signed-in user (vitorjacques19@gmail.com)
[debug] [2025-10-20T18:29:10.982Z] Checked if tokens are valid: false, expires at: 1760930630581
[debug] [2025-10-20T18:29:10.985Z] Checked if tokens are valid: false, expires at: 1760930630581
[debug] [2025-10-20T18:29:10.986Z] > refreshing access token with scopes: []
[debug] [2025-10-20T18:29:10.989Z] >>> [apiv2][query] POST https://www.googleapis.com/oauth2/v3/token [none]
[debug] [2025-10-20T18:29:10.989Z] >>> [apiv2][body] POST https://www.googleapis.com/oauth2/v3/token [omitted]
[debug] [2025-10-20T18:29:11.034Z] Checked if tokens are valid: false, expires at: 1760930630581
[debug] [2025-10-20T18:29:11.034Z] Checked if tokens are valid: false, expires at: 1760930630581
[debug] [2025-10-20T18:29:11.035Z] > refreshing access token with scopes: []
[debug] [2025-10-20T18:29:11.036Z] >>> [apiv2][query] POST https://www.googleapis.com/oauth2/v3/token [none]
[debug] [2025-10-20T18:29:11.036Z] >>> [apiv2][body] POST https://www.googleapis.com/oauth2/v3/token [omitted]
[debug] [2025-10-20T18:29:11.039Z] Checked if tokens are valid: false, expires at: 1760930630581
[debug] [2025-10-20T18:29:11.039Z] Checked if tokens are valid: false, expires at: 1760930630581
[debug] [2025-10-20T18:29:11.039Z] > refreshing access token with scopes: []
[debug] [2025-10-20T18:29:11.045Z] >>> [apiv2][query] POST https://www.googleapis.com/oauth2/v3/token [none]
[debug] [2025-10-20T18:29:11.045Z] >>> [apiv2][body] POST https://www.googleapis.com/oauth2/v3/token [omitted]
[debug] [2025-10-20T18:29:11.047Z] Checked if tokens are valid: false, expires at: 1760930630581
[debug] [2025-10-20T18:29:11.047Z] Checked if tokens are valid: false, expires at: 1760930630581
[debug] [2025-10-20T18:29:11.047Z] > refreshing access token with scopes: []
[debug] [2025-10-20T18:29:11.048Z] >>> [apiv2][query] POST https://www.googleapis.com/oauth2/v3/token [none]
[debug] [2025-10-20T18:29:11.048Z] >>> [apiv2][body] POST https://www.googleapis.com/oauth2/v3/token [omitted]
[debug] [2025-10-20T18:29:11.050Z] Checked if tokens are valid: false, expires at: 1760930630581
[debug] [2025-10-20T18:29:11.050Z] Checked if tokens are valid: false, expires at: 1760930630581
[debug] [2025-10-20T18:29:11.050Z] > refreshing access token with scopes: []
[debug] [2025-10-20T18:29:11.050Z] >>> [apiv2][query] POST https://www.googleapis.com/oauth2/v3/token [none]
[debug] [2025-10-20T18:29:11.050Z] >>> [apiv2][body] POST https://www.googleapis.com/oauth2/v3/token [omitted]
[debug] [2025-10-20T18:29:11.052Z] Checked if tokens are valid: false, expires at: 1760930630581
[debug] [2025-10-20T18:29:11.052Z] Checked if tokens are valid: false, expires at: 1760930630581
[debug] [2025-10-20T18:29:11.052Z] > refreshing access token with scopes: []
[debug] [2025-10-20T18:29:11.052Z] >>> [apiv2][query] POST https://www.googleapis.com/oauth2/v3/token [none]
[debug] [2025-10-20T18:29:11.052Z] >>> [apiv2][body] POST https://www.googleapis.com/oauth2/v3/token [omitted]
[debug] [2025-10-20T18:29:11.363Z] Checked if tokens are valid: false, expires at: 1760930630581
[debug] [2025-10-20T18:29:11.363Z] Checked if tokens are valid: false, expires at: 1760930630581
[debug] [2025-10-20T18:29:11.363Z] > refreshing access token with scopes: []
[debug] [2025-10-20T18:29:11.363Z] >>> [apiv2][query] POST https://www.googleapis.com/oauth2/v3/token [none]
[debug] [2025-10-20T18:29:11.363Z] >>> [apiv2][body] POST https://www.googleapis.com/oauth2/v3/token [omitted]
[debug] [2025-10-20T18:29:11.365Z] Checked if tokens are valid: false, expires at: 1760930630581
[debug] [2025-10-20T18:29:11.365Z] Checked if tokens are valid: false, expires at: 1760930630581
[debug] [2025-10-20T18:29:11.365Z] > refreshing access token with scopes: []
[debug] [2025-10-20T18:29:11.366Z] >>> [apiv2][query] POST https://www.googleapis.com/oauth2/v3/token [none]
[debug] [2025-10-20T18:29:11.366Z] >>> [apiv2][body] POST https://www.googleapis.com/oauth2/v3/token [omitted]
[debug] [2025-10-20T18:29:11.367Z] Checked if tokens are valid: false, expires at: 1760930630581
[debug] [2025-10-20T18:29:11.368Z] Checked if tokens are valid: false, expires at: 1760930630581
[debug] [2025-10-20T18:29:11.368Z] > refreshing access token with scopes: []
[debug] [2025-10-20T18:29:11.368Z] >>> [apiv2][query] POST https://www.googleapis.com/oauth2/v3/token [none]
[debug] [2025-10-20T18:29:11.368Z] >>> [apiv2][body] POST https://www.googleapis.com/oauth2/v3/token [omitted]
[debug] [2025-10-20T18:29:11.371Z] Checked if tokens are valid: false, expires at: 1760930630581
[debug] [2025-10-20T18:29:11.371Z] Checked if tokens are valid: false, expires at: 1760930630581
[debug] [2025-10-20T18:29:11.371Z] > refreshing access token with scopes: []
[debug] [2025-10-20T18:29:11.371Z] >>> [apiv2][query] POST https://www.googleapis.com/oauth2/v3/token [none]
[debug] [2025-10-20T18:29:11.372Z] >>> [apiv2][body] POST https://www.googleapis.com/oauth2/v3/token [omitted]
[debug] [2025-10-20T18:29:11.373Z] Checked if tokens are valid: false, expires at: 1760930630581
[debug] [2025-10-20T18:29:11.373Z] Checked if tokens are valid: false, expires at: 1760930630581
[debug] [2025-10-20T18:29:11.373Z] > refreshing access token with scopes: []
[debug] [2025-10-20T18:29:11.374Z] >>> [apiv2][query] POST https://www.googleapis.com/oauth2/v3/token [none]
[debug] [2025-10-20T18:29:11.374Z] >>> [apiv2][body] POST https://www.googleapis.com/oauth2/v3/token [omitted]
[debug] [2025-10-20T18:29:11.375Z] Checked if tokens are valid: false, expires at: 1760930630581
[debug] [2025-10-20T18:29:11.375Z] Checked if tokens are valid: false, expires at: 1760930630581
[debug] [2025-10-20T18:29:11.375Z] > refreshing access token with scopes: []
[debug] [2025-10-20T18:29:11.375Z] >>> [apiv2][query] POST https://www.googleapis.com/oauth2/v3/token [none]
[debug] [2025-10-20T18:29:11.375Z] >>> [apiv2][body] POST https://www.googleapis.com/oauth2/v3/token [omitted]
[debug] [2025-10-20T18:29:11.591Z] <<< [apiv2][status] POST https://www.googleapis.com/oauth2/v3/token 200
[debug] [2025-10-20T18:29:11.591Z] <<< [apiv2][body] POST https://www.googleapis.com/oauth2/v3/token [omitted]
[debug] [2025-10-20T18:29:11.611Z] >>> [apiv2][query] GET https://serviceusage.googleapis.com/v1/projects/travel-guide-app-8ea32/services/firebaseio.com [none]
[debug] [2025-10-20T18:29:11.611Z] >>> [apiv2][(partial)header] GET https://serviceusage.googleapis.com/v1/projects/travel-guide-app-8ea32/services/firebaseio.com x-goog-quota-user=projects/travel-guide-app-8ea32
[debug] [2025-10-20T18:29:11.615Z] <<< [apiv2][status] POST https://www.googleapis.com/oauth2/v3/token 200
[debug] [2025-10-20T18:29:11.615Z] <<< [apiv2][body] POST https://www.googleapis.com/oauth2/v3/token [omitted]
[debug] [2025-10-20T18:29:11.679Z] >>> [apiv2][query] GET https://serviceusage.googleapis.com/v1/projects/travel-guide-app-8ea32/services/firebaseapphosting.googleapis.com [none]
[debug] [2025-10-20T18:29:11.680Z] >>> [apiv2][(partial)header] GET https://serviceusage.googleapis.com/v1/projects/travel-guide-app-8ea32/services/firebaseapphosting.googleapis.com x-goog-quota-user=projects/travel-guide-app-8ea32
[debug] [2025-10-20T18:29:11.681Z] <<< [apiv2][status] POST https://www.googleapis.com/oauth2/v3/token 200
[debug] [2025-10-20T18:29:11.681Z] <<< [apiv2][body] POST https://www.googleapis.com/oauth2/v3/token [omitted]
[debug] [2025-10-20T18:29:11.699Z] >>> [apiv2][query] GET https://serviceusage.googleapis.com/v1/projects/travel-guide-app-8ea32/services/firebaseio.com [none]
[debug] [2025-10-20T18:29:11.699Z] >>> [apiv2][(partial)header] GET https://serviceusage.googleapis.com/v1/projects/travel-guide-app-8ea32/services/firebaseio.com x-goog-quota-user=projects/travel-guide-app-8ea32
[debug] [2025-10-20T18:29:11.701Z] <<< [apiv2][status] POST https://www.googleapis.com/oauth2/v3/token 200
[debug] [2025-10-20T18:29:11.701Z] <<< [apiv2][body] POST https://www.googleapis.com/oauth2/v3/token [omitted]
[debug] [2025-10-20T18:29:11.744Z] >>> [apiv2][query] GET https://serviceusage.googleapis.com/v1/projects/travel-guide-app-8ea32/services/ [none]
[debug] [2025-10-20T18:29:11.744Z] >>> [apiv2][(partial)header] GET https://serviceusage.googleapis.com/v1/projects/travel-guide-app-8ea32/services/ x-goog-quota-user=projects/travel-guide-app-8ea32
[debug] [2025-10-20T18:29:11.748Z] <<< [apiv2][status] POST https://www.googleapis.com/oauth2/v3/token 200
[debug] [2025-10-20T18:29:11.748Z] <<< [apiv2][body] POST https://www.googleapis.com/oauth2/v3/token [omitted]
[debug] [2025-10-20T18:29:11.821Z] >>> [apiv2][query] GET https://serviceusage.googleapis.com/v1/projects/travel-guide-app-8ea32/services/firebasecrashlytics.googleapis.com [none]
[debug] [2025-10-20T18:29:11.821Z] >>> [apiv2][(partial)header] GET https://serviceusage.googleapis.com/v1/projects/travel-guide-app-8ea32/services/firebasecrashlytics.googleapis.com x-goog-quota-user=projects/travel-guide-app-8ea32
[debug] [2025-10-20T18:29:11.823Z] <<< [apiv2][status] POST https://www.googleapis.com/oauth2/v3/token 200
[debug] [2025-10-20T18:29:11.823Z] <<< [apiv2][body] POST https://www.googleapis.com/oauth2/v3/token [omitted]
[debug] [2025-10-20T18:29:11.891Z] >>> [apiv2][query] GET https://serviceusage.googleapis.com/v1/projects/travel-guide-app-8ea32/services/firebasecrashlytics.googleapis.com [none]
[debug] [2025-10-20T18:29:11.891Z] >>> [apiv2][(partial)header] GET https://serviceusage.googleapis.com/v1/projects/travel-guide-app-8ea32/services/firebasecrashlytics.googleapis.com x-goog-quota-user=projects/travel-guide-app-8ea32
[debug] [2025-10-20T18:29:11.892Z] <<< [apiv2][status] POST https://www.googleapis.com/oauth2/v3/token 200
[debug] [2025-10-20T18:29:11.893Z] <<< [apiv2][body] POST https://www.googleapis.com/oauth2/v3/token [omitted]
[debug] [2025-10-20T18:29:11.906Z] >>> [apiv2][query] GET https://serviceusage.googleapis.com/v1/projects/travel-guide-app-8ea32/services/firebaseapphosting.googleapis.com [none]
[debug] [2025-10-20T18:29:11.906Z] >>> [apiv2][(partial)header] GET https://serviceusage.googleapis.com/v1/projects/travel-guide-app-8ea32/services/firebaseapphosting.googleapis.com x-goog-quota-user=projects/travel-guide-app-8ea32
[debug] [2025-10-20T18:29:11.911Z] <<< [apiv2][status] POST https://www.googleapis.com/oauth2/v3/token 200
[debug] [2025-10-20T18:29:11.911Z] <<< [apiv2][body] POST https://www.googleapis.com/oauth2/v3/token [omitted]
[debug] [2025-10-20T18:29:11.931Z] >>> [apiv2][query] GET https://serviceusage.googleapis.com/v1/projects/travel-guide-app-8ea32/services/cloudfunctions.googleapis.com [none]
[debug] [2025-10-20T18:29:11.932Z] >>> [apiv2][(partial)header] GET https://serviceusage.googleapis.com/v1/projects/travel-guide-app-8ea32/services/cloudfunctions.googleapis.com x-goog-quota-user=projects/travel-guide-app-8ea32
[debug] [2025-10-20T18:29:11.935Z] <<< [apiv2][status] POST https://www.googleapis.com/oauth2/v3/token 200
[debug] [2025-10-20T18:29:11.935Z] <<< [apiv2][body] POST https://www.googleapis.com/oauth2/v3/token [omitted]
[debug] [2025-10-20T18:29:11.980Z] >>> [apiv2][query] GET https://serviceusage.googleapis.com/v1/projects/travel-guide-app-8ea32/services/firebasedataconnect.googleapis.com [none]
[debug] [2025-10-20T18:29:11.981Z] >>> [apiv2][(partial)header] GET https://serviceusage.googleapis.com/v1/projects/travel-guide-app-8ea32/services/firebasedataconnect.googleapis.com x-goog-quota-user=projects/travel-guide-app-8ea32
[debug] [2025-10-20T18:29:11.982Z] <<< [apiv2][status] POST https://www.googleapis.com/oauth2/v3/token 200
[debug] [2025-10-20T18:29:11.982Z] <<< [apiv2][body] POST https://www.googleapis.com/oauth2/v3/token [omitted]
[debug] [2025-10-20T18:29:12.023Z] >>> [apiv2][query] GET https://serviceusage.googleapis.com/v1/projects/travel-guide-app-8ea32/services/ [none]
[debug] [2025-10-20T18:29:12.023Z] >>> [apiv2][(partial)header] GET https://serviceusage.googleapis.com/v1/projects/travel-guide-app-8ea32/services/ x-goog-quota-user=projects/travel-guide-app-8ea32
[debug] [2025-10-20T18:29:12.026Z] <<< [apiv2][status] POST https://www.googleapis.com/oauth2/v3/token 200
[debug] [2025-10-20T18:29:12.026Z] <<< [apiv2][body] POST https://www.googleapis.com/oauth2/v3/token [omitted]
[debug] [2025-10-20T18:29:12.068Z] >>> [apiv2][query] GET https://serviceusage.googleapis.com/v1/projects/travel-guide-app-8ea32/services/firebasedataconnect.googleapis.com [none]
[debug] [2025-10-20T18:29:12.068Z] >>> [apiv2][(partial)header] GET https://serviceusage.googleapis.com/v1/projects/travel-guide-app-8ea32/services/firebasedataconnect.googleapis.com x-goog-quota-user=projects/travel-guide-app-8ea32
[debug] [2025-10-20T18:29:12.084Z] <<< [apiv2][status] POST https://www.googleapis.com/oauth2/v3/token 200
[debug] [2025-10-20T18:29:12.084Z] <<< [apiv2][body] POST https://www.googleapis.com/oauth2/v3/token [omitted]
[debug] [2025-10-20T18:29:12.125Z] >>> [apiv2][query] GET https://serviceusage.googleapis.com/v1/projects/travel-guide-app-8ea32/services/cloudfunctions.googleapis.com [none]
[debug] [2025-10-20T18:29:12.125Z] >>> [apiv2][(partial)header] GET https://serviceusage.googleapis.com/v1/projects/travel-guide-app-8ea32/services/cloudfunctions.googleapis.com x-goog-quota-user=projects/travel-guide-app-8ea32
[debug] [2025-10-20T18:29:12.882Z] <<< [apiv2][status] GET https://serviceusage.googleapis.com/v1/projects/travel-guide-app-8ea32/services/firebaseio.com 403
[debug] [2025-10-20T18:29:12.882Z] <<< [apiv2][body] GET https://serviceusage.googleapis.com/v1/projects/travel-guide-app-8ea32/services/firebaseio.com [omitted]
[debug] [2025-10-20T18:29:12.983Z] <<< [apiv2][status] GET https://serviceusage.googleapis.com/v1/projects/travel-guide-app-8ea32/services/firebasecrashlytics.googleapis.com 200
[debug] [2025-10-20T18:29:12.983Z] <<< [apiv2][body] GET https://serviceusage.googleapis.com/v1/projects/travel-guide-app-8ea32/services/firebasecrashlytics.googleapis.com [omitted]
[debug] [2025-10-20T18:29:12.993Z] <<< [apiv2][status] GET https://serviceusage.googleapis.com/v1/projects/travel-guide-app-8ea32/services/firebaseapphosting.googleapis.com 200
[debug] [2025-10-20T18:29:12.993Z] <<< [apiv2][body] GET https://serviceusage.googleapis.com/v1/projects/travel-guide-app-8ea32/services/firebaseapphosting.googleapis.com [omitted]
[debug] [2025-10-20T18:29:13.104Z] <<< [apiv2][status] GET https://serviceusage.googleapis.com/v1/projects/travel-guide-app-8ea32/services/firebasedataconnect.googleapis.com 200
[debug] [2025-10-20T18:29:13.105Z] <<< [apiv2][body] GET https://serviceusage.googleapis.com/v1/projects/travel-guide-app-8ea32/services/firebasedataconnect.googleapis.com [omitted]
[debug] [2025-10-20T18:29:13.110Z] <<< [apiv2][status] GET https://serviceusage.googleapis.com/v1/projects/travel-guide-app-8ea32/services/cloudfunctions.googleapis.com 200
[debug] [2025-10-20T18:29:13.110Z] <<< [apiv2][body] GET https://serviceusage.googleapis.com/v1/projects/travel-guide-app-8ea32/services/cloudfunctions.googleapis.com [omitted]
[debug] [2025-10-20T18:29:13.284Z] <<< [apiv2][status] GET https://serviceusage.googleapis.com/v1/projects/travel-guide-app-8ea32/services/ 200
[debug] [2025-10-20T18:29:13.284Z] <<< [apiv2][body] GET https://serviceusage.googleapis.com/v1/projects/travel-guide-app-8ea32/services/ [omitted]
[debug] [2025-10-20T18:29:13.667Z] <<< [apiv2][status] GET https://serviceusage.googleapis.com/v1/projects/travel-guide-app-8ea32/services/firebaseio.com 403
[debug] [2025-10-20T18:29:13.667Z] <<< [apiv2][body] GET https://serviceusage.googleapis.com/v1/projects/travel-guide-app-8ea32/services/firebaseio.com [omitted]
[debug] [2025-10-20T18:29:13.671Z] > command requires scopes: ["email","openid","https://www.googleapis.com/auth/cloudplatformprojects.readonly","https://www.googleapis.com/auth/firebase","https://www.googleapis.com/auth/cloud-platform"]
[debug] [2025-10-20T18:29:13.672Z] > authorizing via signed-in user (vitorjacques19@gmail.com)
[debug] [2025-10-20T18:29:13.853Z] <<< [apiv2][status] GET https://serviceusage.googleapis.com/v1/projects/travel-guide-app-8ea32/services/firebasecrashlytics.googleapis.com 200
[debug] [2025-10-20T18:29:13.853Z] <<< [apiv2][body] GET https://serviceusage.googleapis.com/v1/projects/travel-guide-app-8ea32/services/firebasecrashlytics.googleapis.com [omitted]
[debug] [2025-10-20T18:29:13.888Z] <<< [apiv2][status] GET https://serviceusage.googleapis.com/v1/projects/travel-guide-app-8ea32/services/firebaseapphosting.googleapis.com 200
[debug] [2025-10-20T18:29:13.888Z] <<< [apiv2][body] GET https://serviceusage.googleapis.com/v1/projects/travel-guide-app-8ea32/services/firebaseapphosting.googleapis.com [omitted]
[debug] [2025-10-20T18:29:13.983Z] <<< [apiv2][status] GET https://serviceusage.googleapis.com/v1/projects/travel-guide-app-8ea32/services/firebasedataconnect.googleapis.com 200
[debug] [2025-10-20T18:29:13.983Z] <<< [apiv2][body] GET https://serviceusage.googleapis.com/v1/projects/travel-guide-app-8ea32/services/firebasedataconnect.googleapis.com [omitted]
[debug] [2025-10-20T18:29:13.998Z] <<< [apiv2][status] GET https://serviceusage.googleapis.com/v1/projects/travel-guide-app-8ea32/services/cloudfunctions.googleapis.com 200
[debug] [2025-10-20T18:29:13.999Z] <<< [apiv2][body] GET https://serviceusage.googleapis.com/v1/projects/travel-guide-app-8ea32/services/cloudfunctions.googleapis.com [omitted]
[debug] [2025-10-20T18:29:14.556Z] <<< [apiv2][status] GET https://serviceusage.googleapis.com/v1/projects/travel-guide-app-8ea32/services/ 200
[debug] [2025-10-20T18:29:14.556Z] <<< [apiv2][body] GET https://serviceusage.googleapis.com/v1/projects/travel-guide-app-8ea32/services/ [omitted]
